\BOOKMARK [1][-]{section.1}{\376\377\000I\000n\000t\000r\000o\000d\000u\000c\000t\000i\000o\000n}{}% 1
\BOOKMARK [1][-]{section.2}{\376\377\000T\000y\000p\000o\000g\000r\000a\000p\000h\000i\000e\000\040\000e\000t\000\040\000m\000i\000s\000e\000\040\000e\000n\000\040\000f\000o\000r\000m\000e}{}% 2
\BOOKMARK [2][-]{subsection.2.1}{\376\377\000H\000i\000\351\000r\000a\000r\000c\000h\000i\000e\000\040\000d\000e\000s\000\040\000t\000i\000t\000r\000e\000s\000\040\000c\000o\000l\000o\000r\000\351\000s}{section.2}% 3
\BOOKMARK [3][-]{subsubsection.2.1.1}{\376\377\000T\000r\000o\000i\000s\000i\000\350\000m\000e\000\040\000n\000i\000v\000e\000a\000u}{subsection.2.1}% 4
\BOOKMARK [2][-]{subsection.2.2}{\376\377\000L\000i\000s\000t\000e\000s\000\040\000p\000e\000r\000s\000o\000n\000n\000a\000l\000i\000s\000\351\000e\000s\000\040\000\050\000e\000n\000u\000m\000i\000t\000e\000m\000\051}{section.2}% 5
\BOOKMARK [2][-]{subsection.2.3}{\376\377\000O\000r\000d\000i\000n\000a\000l\000\040\000\050\000n\000t\000h\000\051\000\040\000e\000t\000\040\000t\000a\000b\000u\000l\000a\000t\000i\000o\000n\000\040\000\050\000t\000a\000b\000t\000o\000\051}{section.2}% 6
\BOOKMARK [1][-]{section.3}{\376\377\000M\000a\000t\000h\000\351\000m\000a\000t\000i\000q\000u\000e\000s}{}% 7
\BOOKMARK [2][-]{subsection.3.1}{\376\377\000\311\000q\000u\000a\000t\000i\000o\000n\000s\000\040\000n\000u\000m\000\351\000r\000o\000t\000\351\000e\000s\000\040\000e\000t\000\040\000a\000l\000i\000g\000n\000\351\000e\000s}{section.3}% 8
\BOOKMARK [2][-]{subsection.3.2}{\376\377\000V\000e\000c\000t\000e\000u\000r\000s\000\040\000g\000r\000a\000s\000\040\000\050\000b\000m\000\051}{section.3}% 9
\BOOKMARK [2][-]{subsection.3.3}{\376\377\000A\000n\000n\000u\000l\000a\000t\000i\000o\000n\000s\000\040\000\050\000c\000a\000n\000c\000e\000l\000\051}{section.3}% 10
\BOOKMARK [2][-]{subsection.3.4}{\376\377\000M\000a\000t\000r\000i\000c\000e\000s\000\040\000\050\000n\000i\000c\000e\000m\000a\000t\000r\000i\000x\000\051}{section.3}% 11
\BOOKMARK [1][-]{section.4}{\376\377\000U\000n\000i\000t\000\351\000s\000\040\000e\000t\000\040\000g\000r\000a\000n\000d\000e\000u\000r\000s\000\040\000\050\000s\000i\000u\000n\000i\000t\000x\000\051}{}% 12
\BOOKMARK [2][-]{subsection.4.1}{\376\377\000G\000r\000a\000n\000d\000e\000u\000r\000s\000\040\000a\000v\000e\000c\000\040\000i\000n\000c\000e\000r\000t\000i\000t\000u\000d\000e}{section.4}% 13
\BOOKMARK [2][-]{subsection.4.2}{\376\377\000P\000l\000a\000g\000e\000s\000\040\000e\000t\000\040\000l\000i\000s\000t\000e\000s\000\040\000d\000'\000u\000n\000i\000t\000\351\000s}{section.4}% 14
\BOOKMARK [2][-]{subsection.4.3}{\376\377\000N\000o\000m\000b\000r\000e\000s\000\040\000e\000t\000\040\000n\000o\000t\000a\000t\000i\000o\000n\000\040\000s\000c\000i\000e\000n\000t\000i\000f\000i\000q\000u\000e}{section.4}% 15
\BOOKMARK [2][-]{subsection.4.4}{\376\377\000T\000a\000b\000l\000e\000a\000u\000\040\000a\000v\000e\000c\000\040\000c\000o\000l\000o\000n\000n\000e\000\040\000S\000\040\000d\000e\000\040\000s\000i\000u\000n\000i\000t\000x}{section.4}% 16
\BOOKMARK [1][-]{section.5}{\376\377\000C\000h\000i\000m\000i\000e\000\040\000\050\000m\000h\000c\000h\000e\000m\000\051}{}% 17
\BOOKMARK [1][-]{section.6}{\376\377\000F\000i\000g\000u\000r\000e\000s\000\040\000e\000t\000\040\000s\000o\000u\000s\000-\000f\000i\000g\000u\000r\000e\000s}{}% 18
\BOOKMARK [2][-]{subsection.6.1}{\376\377\000F\000i\000g\000u\000r\000e\000\040\000s\000i\000m\000p\000l\000e}{section.6}% 19
\BOOKMARK [2][-]{subsection.6.2}{\376\377\000S\000o\000u\000s\000-\000f\000i\000g\000u\000r\000e\000s\000\040\000\050\000s\000u\000b\000c\000a\000p\000t\000i\000o\000n\000\051}{section.6}% 20
\BOOKMARK [2][-]{subsection.6.3}{\376\377\000D\000i\000a\000g\000r\000a\000m\000m\000e\000\040\000T\000i\000k\000Z}{section.6}% 21
\BOOKMARK [2][-]{subsection.6.4}{\376\377\000G\000r\000a\000p\000h\000i\000q\000u\000e\000\040\000p\000g\000f\000p\000l\000o\000t\000s}{section.6}% 22
\BOOKMARK [1][-]{section.7}{\376\377\000T\000a\000b\000l\000e\000a\000u\000x\000\040\000a\000v\000a\000n\000c\000\351\000s}{}% 23
\BOOKMARK [2][-]{subsection.7.1}{\376\377\000T\000a\000b\000l\000e\000a\000u\000\040\000c\000o\000l\000o\000r\000\351\000\040\000\050\000x\000c\000o\000l\000o\000r\000\051}{section.7}% 24
\BOOKMARK [2][-]{subsection.7.2}{\376\377\000T\000a\000b\000l\000e\000a\000u\000\040\000\340\000\040\000l\000a\000r\000g\000e\000u\000r\000\040\000f\000i\000x\000e\000\040\000\050\000t\000a\000b\000u\000l\000a\000r\000x\000\051}{section.7}% 25
\BOOKMARK [1][-]{section.8}{\376\377\000M\000i\000s\000e\000\040\000e\000n\000\040\000p\000a\000g\000e\000\040\000a\000v\000a\000n\000c\000\351\000e}{}% 26
\BOOKMARK [2][-]{subsection.8.1}{\376\377\000C\000o\000l\000o\000n\000n\000e\000s\000\040\000m\000u\000l\000t\000i\000p\000l\000e\000s\000\040\000\050\000m\000u\000l\000t\000i\000c\000o\000l\000\051}{section.8}% 27
\BOOKMARK [2][-]{subsection.8.2}{\376\377\000N\000o\000t\000e\000s\000\040\000d\000e\000\040\000t\000r\000a\000v\000a\000i\000l\000\040\000\050\000t\000o\000d\000o\000n\000o\000t\000e\000s\000\051}{section.8}% 28
\BOOKMARK [2][-]{subsection.8.3}{\376\377\000P\000a\000g\000e\000\040\000e\000n\000\040\000m\000o\000d\000e\000\040\000p\000a\000y\000s\000a\000g\000e\000\040\000\050\000p\000d\000f\000l\000s\000c\000a\000p\000e\000\051}{section.8}% 29
\BOOKMARK [1][-]{section.9}{\376\377\000R\000\351\000f\000\351\000r\000e\000n\000c\000e\000s\000\040\000c\000r\000o\000i\000s\000\351\000e\000s\000\040\000\050\000c\000l\000e\000v\000e\000r\000e\000f\000\051}{}% 30
\BOOKMARK [1][-]{section.10}{\376\377\000C\000o\000n\000c\000l\000u\000s\000i\000o\000n}{}% 31
\BOOKMARK [1][-]{appendix.A}{\376\377\000D\000\351\000r\000i\000v\000a\000t\000i\000o\000n\000\040\000d\000e\000\040\000l\000'\000\351\000n\000e\000r\000g\000i\000e\000\040\000c\000i\000n\000\351\000t\000i\000q\000u\000e}{}% 32
\BOOKMARK [1][-]{appendix.B}{\376\377\000E\000x\000t\000r\000a\000i\000t\000s\000\040\000d\000e\000\040\000c\000o\000d\000e\000\040\000P\000y\000t\000h\000o\000n}{}% 33
